<?xml version="1.0" encoding="UTF-8"?>
<testsuite xmlns:xsi="http://www.w3.org/2001/XMLSchema-instance" xsi:noNamespaceSchemaLocation="https://maven.apache.org/surefire/maven-surefire-plugin/xsd/surefire-test-report.xsd" name="hu.uni.miskolc.teszteles2021.AutoRendszamTest" time="0.031" tests="6" errors="0" skipped="0" failures="0">
  <properties>
[...]
</properties>
  <testcase name="testRosszRendszam[0]" classname="hu.uni.miskolc.teszteles2021.AutoRendszamTest" time="0.002"/>
  <testcase name="testRosszRendszam[1]" classname="hu.uni.miskolc.teszteles2021.AutoRendszamTest" time="0"/>
  <testcase name="testRosszRendszam[2]" classname="hu.uni.miskolc.teszteles2021.AutoRendszamTest" time="0"/>
  <testcase name="testRosszRendszam[3]" classname="hu.uni.miskolc.teszteles2021.AutoRendszamTest" time="0"/>
  <testcase name="testRosszRendszam[4]" classname="hu.uni.miskolc.teszteles2021.AutoRendszamTest" time="0.001"/>
  <testcase name="testRosszRendszam[5]" classname="hu.uni.miskolc.teszteles2021.AutoRendszamTest" time="0"/>
</testsuite>